<?xml version="1.0" encoding="UTF-8"?>
<!-- Generated by org.testng.reporters.JUnitXMLReporter -->
<testsuite ignored="0" hostname="Himaz-WL" failures="0" tests="22" name="Chrome Tests" time="447.599" errors="0" timestamp="2024-11-30T20:14:33 IST">
  <testcase classname="com.qa.testcases.HimazTestPage" name="testMethodEight" time="0.006"/>
  <testcase classname="com.qa.testcases.HimazTestPage" name="testMethodFive" time="0.001"/>
  <testcase classname="com.qa.testcases.HimazTestPage" name="testMethodFour" time="0.002"/>
  <testcase classname="com.qa.testcases.HimazTestPage" name="testMethodNine" time="0.001"/>
  <testcase classname="com.qa.testcases.HimazTestPage" name="testMethodOne" time="0.0"/>
  <testcase classname="com.qa.testcases.HimazTestPage" name="testMethodSeven" time="0.002"/>
  <testcase classname="com.qa.testcases.HimazTestPage" name="testMethodSix" time="0.0"/>
  <testcase classname="com.qa.testcases.HimazTestPage" name="testMethodTen" time="0.0"/>
  <testcase classname="com.qa.testcases.HimazTestPage" name="testMethodThree" time="0.002"/>
  <testcase classname="com.qa.testcases.HimazTestPage" name="testMethodTwo" time="0.0"/>
  <testcase classname="com.qa.testcases.HimazTestPage" name="verifyLogin" time="3.37"/>
  <testcase classname="com.qa.testcases.ChromeTest" name="testMethodEight" time="0.0"/>
  <testcase classname="com.qa.testcases.ChromeTest" name="testMethodFive" time="0.0"/>
  <testcase classname="com.qa.testcases.ChromeTest" name="testMethodFour" time="0.001"/>
  <testcase classname="com.qa.testcases.ChromeTest" name="testMethodNine" time="0.0"/>
  <testcase classname="com.qa.testcases.ChromeTest" name="testMethodOne" time="0.001"/>
  <testcase classname="com.qa.testcases.ChromeTest" name="testMethodSeven" time="0.001"/>
  <testcase classname="com.qa.testcases.ChromeTest" name="testMethodSix" time="0.001"/>
  <testcase classname="com.qa.testcases.ChromeTest" name="testMethodTen" time="0.001"/>
  <testcase classname="com.qa.testcases.ChromeTest" name="testMethodThree" time="0.0"/>
  <testcase classname="com.qa.testcases.ChromeTest" name="testMethodTwo" time="0.001"/>
  <testcase classname="com.qa.testcases.ChromeTest" name="verifyLogin" time="3.403"/>
</testsuite> <!-- Chrome Tests -->
