<?xml version="1.0" encoding="UTF-8"?>
<!-- Generated by org.testng.reporters.JUnitXMLReporter -->
<testsuite ignored="0" hostname="Himaz-WL" failures="1" tests="11" name="Firefox Tests" time="169.565" errors="0" timestamp="2024-11-30T20:09:55 IST">
  <testcase classname="com.qa.testcases.FirefoxTest" name="testMethodEight" time="0.002"/>
  <testcase classname="com.qa.testcases.FirefoxTest" name="testMethodFive" time="0.002"/>
  <testcase classname="com.qa.testcases.FirefoxTest" name="testMethodFour" time="0.001"/>
  <testcase classname="com.qa.testcases.FirefoxTest" name="testMethodNine" time="0.001"/>
  <testcase classname="com.qa.testcases.FirefoxTest" name="testMethodOne" time="0.001"/>
  <testcase classname="com.qa.testcases.FirefoxTest" name="testMethodSeven" time="0.002"/>
  <testcase classname="com.qa.testcases.FirefoxTest" name="testMethodSix" time="0.001"/>
  <testcase classname="com.qa.testcases.FirefoxTest" name="testMethodTen" time="0.0"/>
  <testcase classname="com.qa.testcases.FirefoxTest" name="testMethodThree" time="0.0"/>
  <testcase classname="com.qa.testcases.FirefoxTest" name="testMethodTwo" time="0.001"/>
  <testcase classname="com.qa.testcases.FirefoxTest" name="verifyLogin" time="0.516">
    <failure type="org.openqa.selenium.ElementClickInterceptedException" message="Element &amp;lt;button id=&amp;quot;login&amp;quot; class=&amp;quot;btn btn-primary&amp;quot; type=&amp;quot;button&amp;quot;&amp;gt; is not clickable at point (959,720) because another element &amp;lt;div&amp;gt; obscures it
Build info: version: &amp;apos;4.10.0&amp;apos;, revision: &amp;apos;c14d967899&amp;apos;
System info: os.name: &amp;apos;Windows 10&amp;apos;, os.arch: &amp;apos;amd64&amp;apos;, os.version: &amp;apos;10.0&amp;apos;, java.version: &amp;apos;17.0.10&amp;apos;
Driver info: org.openqa.selenium.firefox.FirefoxDriver
Command: [29cad085-1663-4b90-9c4f-9060598efe89, clickElement {id=a31801cc-12e1-4075-8ea3-eb0135aa7379}]
Capabilities {acceptInsecureCerts: true, browserName: firefox, browserVersion: 127.0, moz:accessibilityChecks: false, moz:buildID: 20240606181944, moz:debuggerAddress: 127.0.0.1:44664, moz:geckodriverVersion: 0.35.0, moz:headless: false, moz:platformVersion: 10.0, moz:processID: 28568, moz:profile: C:\Users\HIMAZA~1\AppData\L..., moz:shutdownTimeout: 60000, moz:webdriverClick: true, moz:windowless: false, pageLoadStrategy: normal, platformName: windows, proxy: Proxy(), se:cdp: ws://127.0.0.1:44664/devtoo..., se:cdpVersion: 85.0, setWindowRect: true, strictFileInteractability: false, timeouts: {implicit: 0, pageLoad: 300000, script: 30000}, unhandledPromptBehavior: dismiss and notify, userAgent: Mozilla/5.0 (Windows NT 10....}
Element: [[FirefoxDriver: firefox on windows (29cad085-1663-4b90-9c4f-9060598efe89)] -&amp;gt; xpath: //button[@id=&amp;apos;login&amp;apos;]]
Session ID: 29cad085-1663-4b90-9c4f-9060598efe89">
      <![CDATA[org.openqa.selenium.ElementClickInterceptedException: Element <button id="login" class="btn btn-primary" type="button"> is not clickable at point (959,720) because another element <div> obscures it
Build info: version: '4.10.0', revision: 'c14d967899'
System info: os.name: 'Windows 10', os.arch: 'amd64', os.version: '10.0', java.version: '17.0.10'
Driver info: org.openqa.selenium.firefox.FirefoxDriver
Command: [29cad085-1663-4b90-9c4f-9060598efe89, clickElement {id=a31801cc-12e1-4075-8ea3-eb0135aa7379}]
Capabilities {acceptInsecureCerts: true, browserName: firefox, browserVersion: 127.0, moz:accessibilityChecks: false, moz:buildID: 20240606181944, moz:debuggerAddress: 127.0.0.1:44664, moz:geckodriverVersion: 0.35.0, moz:headless: false, moz:platformVersion: 10.0, moz:processID: 28568, moz:profile: C:\Users\HIMAZA~1\AppData\L..., moz:shutdownTimeout: 60000, moz:webdriverClick: true, moz:windowless: false, pageLoadStrategy: normal, platformName: windows, proxy: Proxy(), se:cdp: ws://127.0.0.1:44664/devtoo..., se:cdpVersion: 85.0, setWindowRect: true, strictFileInteractability: false, timeouts: {implicit: 0, pageLoad: 300000, script: 30000}, unhandledPromptBehavior: dismiss and notify, userAgent: Mozilla/5.0 (Windows NT 10....}
Element: [[FirefoxDriver: firefox on windows (29cad085-1663-4b90-9c4f-9060598efe89)] -> xpath: //button[@id='login']]
Session ID: 29cad085-1663-4b90-9c4f-9060598efe89
at org.openqa.selenium.remote.codec.w3c.W3CHttpResponseCodec.createException(W3CHttpResponseCodec.java:199)
at org.openqa.selenium.remote.codec.w3c.W3CHttpResponseCodec.decode(W3CHttpResponseCodec.java:132)
at org.openqa.selenium.remote.codec.w3c.W3CHttpResponseCodec.decode(W3CHttpResponseCodec.java:51)
at org.openqa.selenium.remote.HttpCommandExecutor.execute(HttpCommandExecutor.java:191)
at org.openqa.selenium.remote.service.DriverCommandExecutor.invokeExecute(DriverCommandExecutor.java:196)
at org.openqa.selenium.remote.service.DriverCommandExecutor.execute(DriverCommandExecutor.java:171)
at org.openqa.selenium.remote.RemoteWebDriver.execute(RemoteWebDriver.java:531)
at org.openqa.selenium.remote.RemoteWebElement.execute(RemoteWebElement.java:242)
at org.openqa.selenium.remote.RemoteWebElement.click(RemoteWebElement.java:77)
at org.openqa.selenium.support.pagefactory.internal.LocatingElementHandler.invoke(LocatingElementHandler.java:51)
at jdk.proxy2/jdk.proxy2.$Proxy18.click(Unknown Source)
at com.qa.pages.HimazPage.login(HimazPage.java:52)
at com.qa.testcases.FirefoxTest.verifyLogin(FirefoxTest.java:37)
at java.base/java.util.ArrayList.forEach(ArrayList.java:1511)
at java.base/java.util.concurrent.FutureTask.run(FutureTask.java:264)
at java.base/java.util.concurrent.ThreadPoolExecutor.runWorker(ThreadPoolExecutor.java:1136)
at java.base/java.util.concurrent.ThreadPoolExecutor$Worker.run(ThreadPoolExecutor.java:635)
at java.base/java.lang.Thread.run(Thread.java:840)
... Removed 26 stack frames]]>
    </failure>
  </testcase> <!-- verifyLogin -->
</testsuite> <!-- Firefox Tests -->
