<?xml version="1.0" encoding="UTF-8"?>
<testng-results ignored="0" total="33" passed="32" failed="1" skipped="0">
  <reporter-output>
  </reporter-output>
  <suite started-at="2024-11-30T20:07:05 IST" name="Automation Suite" finished-at="2024-11-30T20:14:33 IST" duration-ms="447599">
    <groups>
    </groups>
    <test started-at="2024-11-30T20:07:05 IST" name="Firefox Tests" finished-at="2024-11-30T20:09:55 IST" duration-ms="169565">
      <class name="com.qa.testcases.FirefoxTest">
        <test-method is-config="true" signature="setUp(java.lang.String)[pri:0, instance:com.qa.testcases.FirefoxTest@52f27fbd]" started-at="2024-11-30T20:07:05 IST" name="setUp" finished-at="2024-11-30T20:07:23 IST" duration-ms="17882" status="PASS">
          <params>
            <param index="0">
              <value>
                <![CDATA[firefox]]>
              </value>
            </param>
          </params>
          <reporter-output>
          </reporter-output>
        </test-method> <!-- setUp -->
        <test-method signature="testMethodEight()[pri:0, instance:com.qa.testcases.FirefoxTest@52f27fbd]" started-at="2024-11-30T20:07:23 IST" name="testMethodEight" finished-at="2024-11-30T20:07:23 IST" duration-ms="2" status="PASS">
          <reporter-output>
          </reporter-output>
        </test-method> <!-- testMethodEight -->
        <test-method is-config="true" signature="cleanUp()[pri:0, instance:com.qa.testcases.FirefoxTest@52f27fbd]" started-at="2024-11-30T20:07:23 IST" name="cleanUp" finished-at="2024-11-30T20:07:25 IST" duration-ms="1252" status="PASS">
          <reporter-output>
          </reporter-output>
        </test-method> <!-- cleanUp -->
        <test-method is-config="true" signature="setUp(java.lang.String)[pri:0, instance:com.qa.testcases.FirefoxTest@52f27fbd]" started-at="2024-11-30T20:07:25 IST" name="setUp" finished-at="2024-11-30T20:07:41 IST" duration-ms="16834" status="PASS">
          <params>
            <param index="0">
              <value>
                <![CDATA[firefox]]>
              </value>
            </param>
          </params>
          <reporter-output>
          </reporter-output>
        </test-method> <!-- setUp -->
        <test-method signature="testMethodFive()[pri:0, instance:com.qa.testcases.FirefoxTest@52f27fbd]" started-at="2024-11-30T20:07:41 IST" name="testMethodFive" finished-at="2024-11-30T20:07:41 IST" duration-ms="2" status="PASS">
          <reporter-output>
          </reporter-output>
        </test-method> <!-- testMethodFive -->
        <test-method is-config="true" signature="cleanUp()[pri:0, instance:com.qa.testcases.FirefoxTest@52f27fbd]" started-at="2024-11-30T20:07:41 IST" name="cleanUp" finished-at="2024-11-30T20:07:43 IST" duration-ms="1171" status="PASS">
          <reporter-output>
          </reporter-output>
        </test-method> <!-- cleanUp -->
        <test-method is-config="true" signature="setUp(java.lang.String)[pri:0, instance:com.qa.testcases.FirefoxTest@52f27fbd]" started-at="2024-11-30T20:07:43 IST" name="setUp" finished-at="2024-11-30T20:08:01 IST" duration-ms="18307" status="PASS">
          <params>
            <param index="0">
              <value>
                <![CDATA[firefox]]>
              </value>
            </param>
          </params>
          <reporter-output>
          </reporter-output>
        </test-method> <!-- setUp -->
        <test-method signature="testMethodFour()[pri:0, instance:com.qa.testcases.FirefoxTest@52f27fbd]" started-at="2024-11-30T20:08:01 IST" name="testMethodFour" finished-at="2024-11-30T20:08:01 IST" duration-ms="1" status="PASS">
          <reporter-output>
          </reporter-output>
        </test-method> <!-- testMethodFour -->
        <test-method is-config="true" signature="cleanUp()[pri:0, instance:com.qa.testcases.FirefoxTest@52f27fbd]" started-at="2024-11-30T20:08:01 IST" name="cleanUp" finished-at="2024-11-30T20:08:02 IST" duration-ms="989" status="PASS">
          <reporter-output>
          </reporter-output>
        </test-method> <!-- cleanUp -->
        <test-method is-config="true" signature="setUp(java.lang.String)[pri:0, instance:com.qa.testcases.FirefoxTest@52f27fbd]" started-at="2024-11-30T20:08:02 IST" name="setUp" finished-at="2024-11-30T20:08:15 IST" duration-ms="13166" status="PASS">
          <params>
            <param index="0">
              <value>
                <![CDATA[firefox]]>
              </value>
            </param>
          </params>
          <reporter-output>
          </reporter-output>
        </test-method> <!-- setUp -->
        <test-method signature="testMethodNine()[pri:0, instance:com.qa.testcases.FirefoxTest@52f27fbd]" started-at="2024-11-30T20:08:15 IST" name="testMethodNine" finished-at="2024-11-30T20:08:15 IST" duration-ms="1" status="PASS">
          <reporter-output>
          </reporter-output>
        </test-method> <!-- testMethodNine -->
        <test-method is-config="true" signature="cleanUp()[pri:0, instance:com.qa.testcases.FirefoxTest@52f27fbd]" started-at="2024-11-30T20:08:15 IST" name="cleanUp" finished-at="2024-11-30T20:08:16 IST" duration-ms="813" status="PASS">
          <reporter-output>
          </reporter-output>
        </test-method> <!-- cleanUp -->
        <test-method is-config="true" signature="setUp(java.lang.String)[pri:0, instance:com.qa.testcases.FirefoxTest@52f27fbd]" started-at="2024-11-30T20:08:16 IST" name="setUp" finished-at="2024-11-30T20:08:27 IST" duration-ms="10768" status="PASS">
          <params>
            <param index="0">
              <value>
                <![CDATA[firefox]]>
              </value>
            </param>
          </params>
          <reporter-output>
          </reporter-output>
        </test-method> <!-- setUp -->
        <test-method signature="testMethodOne()[pri:0, instance:com.qa.testcases.FirefoxTest@52f27fbd]" started-at="2024-11-30T20:08:27 IST" name="testMethodOne" finished-at="2024-11-30T20:08:27 IST" duration-ms="1" status="PASS">
          <reporter-output>
          </reporter-output>
        </test-method> <!-- testMethodOne -->
        <test-method is-config="true" signature="cleanUp()[pri:0, instance:com.qa.testcases.FirefoxTest@52f27fbd]" started-at="2024-11-30T20:08:27 IST" name="cleanUp" finished-at="2024-11-30T20:08:28 IST" duration-ms="1196" status="PASS">
          <reporter-output>
          </reporter-output>
        </test-method> <!-- cleanUp -->
        <test-method is-config="true" signature="setUp(java.lang.String)[pri:0, instance:com.qa.testcases.FirefoxTest@52f27fbd]" started-at="2024-11-30T20:08:28 IST" name="setUp" finished-at="2024-11-30T20:08:38 IST" duration-ms="10039" status="PASS">
          <params>
            <param index="0">
              <value>
                <![CDATA[firefox]]>
              </value>
            </param>
          </params>
          <reporter-output>
          </reporter-output>
        </test-method> <!-- setUp -->
        <test-method signature="testMethodSeven()[pri:0, instance:com.qa.testcases.FirefoxTest@52f27fbd]" started-at="2024-11-30T20:08:38 IST" name="testMethodSeven" finished-at="2024-11-30T20:08:38 IST" duration-ms="2" status="PASS">
          <reporter-output>
          </reporter-output>
        </test-method> <!-- testMethodSeven -->
        <test-method is-config="true" signature="cleanUp()[pri:0, instance:com.qa.testcases.FirefoxTest@52f27fbd]" started-at="2024-11-30T20:08:38 IST" name="cleanUp" finished-at="2024-11-30T20:08:39 IST" duration-ms="1002" status="PASS">
          <reporter-output>
          </reporter-output>
        </test-method> <!-- cleanUp -->
        <test-method is-config="true" signature="setUp(java.lang.String)[pri:0, instance:com.qa.testcases.FirefoxTest@52f27fbd]" started-at="2024-11-30T20:08:39 IST" name="setUp" finished-at="2024-11-30T20:08:52 IST" duration-ms="13410" status="PASS">
          <params>
            <param index="0">
              <value>
                <![CDATA[firefox]]>
              </value>
            </param>
          </params>
          <reporter-output>
          </reporter-output>
        </test-method> <!-- setUp -->
        <test-method signature="testMethodSix()[pri:0, instance:com.qa.testcases.FirefoxTest@52f27fbd]" started-at="2024-11-30T20:08:52 IST" name="testMethodSix" finished-at="2024-11-30T20:08:52 IST" duration-ms="1" status="PASS">
          <reporter-output>
          </reporter-output>
        </test-method> <!-- testMethodSix -->
        <test-method is-config="true" signature="cleanUp()[pri:0, instance:com.qa.testcases.FirefoxTest@52f27fbd]" started-at="2024-11-30T20:08:52 IST" name="cleanUp" finished-at="2024-11-30T20:08:53 IST" duration-ms="979" status="PASS">
          <reporter-output>
          </reporter-output>
        </test-method> <!-- cleanUp -->
        <test-method is-config="true" signature="setUp(java.lang.String)[pri:0, instance:com.qa.testcases.FirefoxTest@52f27fbd]" started-at="2024-11-30T20:08:53 IST" name="setUp" finished-at="2024-11-30T20:09:05 IST" duration-ms="11602" status="PASS">
          <params>
            <param index="0">
              <value>
                <![CDATA[firefox]]>
              </value>
            </param>
          </params>
          <reporter-output>
          </reporter-output>
        </test-method> <!-- setUp -->
        <test-method signature="testMethodTen()[pri:0, instance:com.qa.testcases.FirefoxTest@52f27fbd]" started-at="2024-11-30T20:09:05 IST" name="testMethodTen" finished-at="2024-11-30T20:09:05 IST" duration-ms="0" status="PASS">
          <reporter-output>
          </reporter-output>
        </test-method> <!-- testMethodTen -->
        <test-method is-config="true" signature="cleanUp()[pri:0, instance:com.qa.testcases.FirefoxTest@52f27fbd]" started-at="2024-11-30T20:09:05 IST" name="cleanUp" finished-at="2024-11-30T20:09:06 IST" duration-ms="971" status="PASS">
          <reporter-output>
          </reporter-output>
        </test-method> <!-- cleanUp -->
        <test-method is-config="true" signature="setUp(java.lang.String)[pri:0, instance:com.qa.testcases.FirefoxTest@52f27fbd]" started-at="2024-11-30T20:09:06 IST" name="setUp" finished-at="2024-11-30T20:09:19 IST" duration-ms="13163" status="PASS">
          <params>
            <param index="0">
              <value>
                <![CDATA[firefox]]>
              </value>
            </param>
          </params>
          <reporter-output>
          </reporter-output>
        </test-method> <!-- setUp -->
        <test-method signature="testMethodThree()[pri:0, instance:com.qa.testcases.FirefoxTest@52f27fbd]" started-at="2024-11-30T20:09:19 IST" name="testMethodThree" finished-at="2024-11-30T20:09:19 IST" duration-ms="0" status="PASS">
          <reporter-output>
          </reporter-output>
        </test-method> <!-- testMethodThree -->
        <test-method is-config="true" signature="cleanUp()[pri:0, instance:com.qa.testcases.FirefoxTest@52f27fbd]" started-at="2024-11-30T20:09:19 IST" name="cleanUp" finished-at="2024-11-30T20:09:22 IST" duration-ms="2852" status="PASS">
          <reporter-output>
          </reporter-output>
        </test-method> <!-- cleanUp -->
        <test-method is-config="true" signature="setUp(java.lang.String)[pri:0, instance:com.qa.testcases.FirefoxTest@52f27fbd]" started-at="2024-11-30T20:09:22 IST" name="setUp" finished-at="2024-11-30T20:09:33 IST" duration-ms="11234" status="PASS">
          <params>
            <param index="0">
              <value>
                <![CDATA[firefox]]>
              </value>
            </param>
          </params>
          <reporter-output>
          </reporter-output>
        </test-method> <!-- setUp -->
        <test-method signature="testMethodTwo()[pri:0, instance:com.qa.testcases.FirefoxTest@52f27fbd]" started-at="2024-11-30T20:09:33 IST" name="testMethodTwo" finished-at="2024-11-30T20:09:33 IST" duration-ms="1" status="PASS">
          <reporter-output>
          </reporter-output>
        </test-method> <!-- testMethodTwo -->
        <test-method is-config="true" signature="cleanUp()[pri:0, instance:com.qa.testcases.FirefoxTest@52f27fbd]" started-at="2024-11-30T20:09:33 IST" name="cleanUp" finished-at="2024-11-30T20:09:35 IST" duration-ms="1792" status="PASS">
          <reporter-output>
          </reporter-output>
        </test-method> <!-- cleanUp -->
        <test-method is-config="true" signature="setUp(java.lang.String)[pri:0, instance:com.qa.testcases.FirefoxTest@52f27fbd]" started-at="2024-11-30T20:09:35 IST" name="setUp" finished-at="2024-11-30T20:09:53 IST" duration-ms="17963" status="PASS">
          <params>
            <param index="0">
              <value>
                <![CDATA[firefox]]>
              </value>
            </param>
          </params>
          <reporter-output>
          </reporter-output>
        </test-method> <!-- setUp -->
        <test-method signature="verifyLogin(java.lang.String,java.lang.String)[pri:0, instance:com.qa.testcases.FirefoxTest@52f27fbd]" started-at="2024-11-30T20:09:53 IST" name="verifyLogin" data-provider="userDetails" finished-at="2024-11-30T20:09:54 IST" duration-ms="516" status="FAIL">
          <params>
            <param index="0">
              <value>
                <![CDATA[userOne]]>
              </value>
            </param>
            <param index="1">
              <value>
                <![CDATA[Test@1234]]>
              </value>
            </param>
          </params>
          <exception class="org.openqa.selenium.ElementClickInterceptedException">
            <message>
              <![CDATA[Element <button id="login" class="btn btn-primary" type="button"> is not clickable at point (959,720) because another element <div> obscures it
Build info: version: '4.10.0', revision: 'c14d967899'
System info: os.name: 'Windows 10', os.arch: 'amd64', os.version: '10.0', java.version: '17.0.10'
Driver info: org.openqa.selenium.firefox.FirefoxDriver
Command: [29cad085-1663-4b90-9c4f-9060598efe89, clickElement {id=a31801cc-12e1-4075-8ea3-eb0135aa7379}]
Capabilities {acceptInsecureCerts: true, browserName: firefox, browserVersion: 127.0, moz:accessibilityChecks: false, moz:buildID: 20240606181944, moz:debuggerAddress: 127.0.0.1:44664, moz:geckodriverVersion: 0.35.0, moz:headless: false, moz:platformVersion: 10.0, moz:processID: 28568, moz:profile: C:\Users\HIMAZA~1\AppData\L..., moz:shutdownTimeout: 60000, moz:webdriverClick: true, moz:windowless: false, pageLoadStrategy: normal, platformName: windows, proxy: Proxy(), se:cdp: ws://127.0.0.1:44664/devtoo..., se:cdpVersion: 85.0, setWindowRect: true, strictFileInteractability: false, timeouts: {implicit: 0, pageLoad: 300000, script: 30000}, unhandledPromptBehavior: dismiss and notify, userAgent: Mozilla/5.0 (Windows NT 10....}
Element: [[FirefoxDriver: firefox on windows (29cad085-1663-4b90-9c4f-9060598efe89)] -> xpath: //button[@id='login']]
Session ID: 29cad085-1663-4b90-9c4f-9060598efe89]]>
            </message>
            <full-stacktrace>
              <![CDATA[org.openqa.selenium.ElementClickInterceptedException: Element <button id="login" class="btn btn-primary" type="button"> is not clickable at point (959,720) because another element <div> obscures it
Build info: version: '4.10.0', revision: 'c14d967899'
System info: os.name: 'Windows 10', os.arch: 'amd64', os.version: '10.0', java.version: '17.0.10'
Driver info: org.openqa.selenium.firefox.FirefoxDriver
Command: [29cad085-1663-4b90-9c4f-9060598efe89, clickElement {id=a31801cc-12e1-4075-8ea3-eb0135aa7379}]
Capabilities {acceptInsecureCerts: true, browserName: firefox, browserVersion: 127.0, moz:accessibilityChecks: false, moz:buildID: 20240606181944, moz:debuggerAddress: 127.0.0.1:44664, moz:geckodriverVersion: 0.35.0, moz:headless: false, moz:platformVersion: 10.0, moz:processID: 28568, moz:profile: C:\Users\HIMAZA~1\AppData\L..., moz:shutdownTimeout: 60000, moz:webdriverClick: true, moz:windowless: false, pageLoadStrategy: normal, platformName: windows, proxy: Proxy(), se:cdp: ws://127.0.0.1:44664/devtoo..., se:cdpVersion: 85.0, setWindowRect: true, strictFileInteractability: false, timeouts: {implicit: 0, pageLoad: 300000, script: 30000}, unhandledPromptBehavior: dismiss and notify, userAgent: Mozilla/5.0 (Windows NT 10....}
Element: [[FirefoxDriver: firefox on windows (29cad085-1663-4b90-9c4f-9060598efe89)] -> xpath: //button[@id='login']]
Session ID: 29cad085-1663-4b90-9c4f-9060598efe89
at java.base/jdk.internal.reflect.NativeConstructorAccessorImpl.newInstance0(Native Method)
at java.base/jdk.internal.reflect.NativeConstructorAccessorImpl.newInstance(NativeConstructorAccessorImpl.java:77)
at java.base/jdk.internal.reflect.DelegatingConstructorAccessorImpl.newInstance(DelegatingConstructorAccessorImpl.java:45)
at java.base/java.lang.reflect.Constructor.newInstanceWithCaller(Constructor.java:499)
at java.base/java.lang.reflect.Constructor.newInstance(Constructor.java:480)
at org.openqa.selenium.remote.codec.w3c.W3CHttpResponseCodec.createException(W3CHttpResponseCodec.java:199)
at org.openqa.selenium.remote.codec.w3c.W3CHttpResponseCodec.decode(W3CHttpResponseCodec.java:132)
at org.openqa.selenium.remote.codec.w3c.W3CHttpResponseCodec.decode(W3CHttpResponseCodec.java:51)
at org.openqa.selenium.remote.HttpCommandExecutor.execute(HttpCommandExecutor.java:191)
at org.openqa.selenium.remote.service.DriverCommandExecutor.invokeExecute(DriverCommandExecutor.java:196)
at org.openqa.selenium.remote.service.DriverCommandExecutor.execute(DriverCommandExecutor.java:171)
at org.openqa.selenium.remote.RemoteWebDriver.execute(RemoteWebDriver.java:531)
at org.openqa.selenium.remote.RemoteWebElement.execute(RemoteWebElement.java:242)
at org.openqa.selenium.remote.RemoteWebElement.click(RemoteWebElement.java:77)
at java.base/jdk.internal.reflect.NativeMethodAccessorImpl.invoke0(Native Method)
at java.base/jdk.internal.reflect.NativeMethodAccessorImpl.invoke(NativeMethodAccessorImpl.java:77)
at java.base/jdk.internal.reflect.DelegatingMethodAccessorImpl.invoke(DelegatingMethodAccessorImpl.java:43)
at java.base/java.lang.reflect.Method.invoke(Method.java:568)
at org.openqa.selenium.support.pagefactory.internal.LocatingElementHandler.invoke(LocatingElementHandler.java:51)
at jdk.proxy2/jdk.proxy2.$Proxy18.click(Unknown Source)
at com.qa.pages.HimazPage.login(HimazPage.java:52)
at com.qa.testcases.FirefoxTest.verifyLogin(FirefoxTest.java:37)
at java.base/jdk.internal.reflect.NativeMethodAccessorImpl.invoke0(Native Method)
at java.base/jdk.internal.reflect.NativeMethodAccessorImpl.invoke(NativeMethodAccessorImpl.java:77)
at java.base/jdk.internal.reflect.DelegatingMethodAccessorImpl.invoke(DelegatingMethodAccessorImpl.java:43)
at java.base/java.lang.reflect.Method.invoke(Method.java:568)
at org.testng.internal.invokers.MethodInvocationHelper.invokeMethod(MethodInvocationHelper.java:139)
at org.testng.internal.invokers.TestInvoker.invokeMethod(TestInvoker.java:677)
at org.testng.internal.invokers.TestInvoker.invokeTestMethod(TestInvoker.java:221)
at org.testng.internal.invokers.MethodRunner.runInSequence(MethodRunner.java:50)
at org.testng.internal.invokers.TestInvoker$MethodInvocationAgent.invoke(TestInvoker.java:969)
at org.testng.internal.invokers.TestInvoker.invokeTestMethods(TestInvoker.java:194)
at org.testng.internal.invokers.TestMethodWorker.invokeTestMethods(TestMethodWorker.java:148)
at org.testng.internal.invokers.TestMethodWorker.run(TestMethodWorker.java:128)
at java.base/java.util.ArrayList.forEach(ArrayList.java:1511)
at org.testng.TestRunner.privateRun(TestRunner.java:829)
at org.testng.TestRunner.run(TestRunner.java:602)
at org.testng.SuiteRunner.runTest(SuiteRunner.java:437)
at org.testng.SuiteRunner$SuiteWorker.run(SuiteRunner.java:475)
at org.testng.internal.thread.ThreadUtil.lambda$execute$0(ThreadUtil.java:58)
at java.base/java.util.concurrent.FutureTask.run(FutureTask.java:264)
at java.base/java.util.concurrent.ThreadPoolExecutor.runWorker(ThreadPoolExecutor.java:1136)
at java.base/java.util.concurrent.ThreadPoolExecutor$Worker.run(ThreadPoolExecutor.java:635)
at java.base/java.lang.Thread.run(Thread.java:840)
]]>
            </full-stacktrace>
          </exception> <!-- org.openqa.selenium.ElementClickInterceptedException -->
          <reporter-output>
          </reporter-output>
        </test-method> <!-- verifyLogin -->
        <test-method is-config="true" signature="cleanUp()[pri:0, instance:com.qa.testcases.FirefoxTest@52f27fbd]" started-at="2024-11-30T20:09:54 IST" name="cleanUp" finished-at="2024-11-30T20:09:55 IST" duration-ms="1118" status="PASS">
          <reporter-output>
          </reporter-output>
        </test-method> <!-- cleanUp -->
      </class> <!-- com.qa.testcases.FirefoxTest -->
    </test> <!-- Firefox Tests -->
    <test started-at="2024-11-30T20:07:05 IST" name="Chrome Tests" finished-at="2024-11-30T20:14:33 IST" duration-ms="447599">
      <class name="com.qa.testcases.HimazTestPage">
        <test-method is-config="true" signature="setUp(java.lang.String)[pri:0, instance:com.qa.testcases.HimazTestPage@1ca3b418]" started-at="2024-11-30T20:07:05 IST" name="setUp" finished-at="2024-11-30T20:07:08 IST" duration-ms="2750" status="PASS">
          <params>
            <param index="0">
              <value>
                <![CDATA[chrome]]>
              </value>
            </param>
          </params>
          <reporter-output>
          </reporter-output>
        </test-method> <!-- setUp -->
        <test-method signature="testMethodEight()[pri:0, instance:com.qa.testcases.HimazTestPage@1ca3b418]" started-at="2024-11-30T20:07:08 IST" name="testMethodEight" finished-at="2024-11-30T20:07:08 IST" duration-ms="6" status="PASS">
          <reporter-output>
          </reporter-output>
        </test-method> <!-- testMethodEight -->
        <test-method is-config="true" signature="cleanUp()[pri:0, instance:com.qa.testcases.HimazTestPage@1ca3b418]" started-at="2024-11-30T20:07:08 IST" name="cleanUp" finished-at="2024-11-30T20:07:08 IST" duration-ms="191" status="PASS">
          <reporter-output>
          </reporter-output>
        </test-method> <!-- cleanUp -->
        <test-method is-config="true" signature="setUp(java.lang.String)[pri:0, instance:com.qa.testcases.HimazTestPage@1ca3b418]" started-at="2024-11-30T20:07:08 IST" name="setUp" finished-at="2024-11-30T20:07:28 IST" duration-ms="19198" status="PASS">
          <params>
            <param index="0">
              <value>
                <![CDATA[chrome]]>
              </value>
            </param>
          </params>
          <reporter-output>
          </reporter-output>
        </test-method> <!-- setUp -->
        <test-method signature="testMethodFive()[pri:0, instance:com.qa.testcases.HimazTestPage@1ca3b418]" started-at="2024-11-30T20:07:28 IST" name="testMethodFive" finished-at="2024-11-30T20:07:28 IST" duration-ms="1" status="PASS">
          <reporter-output>
          </reporter-output>
        </test-method> <!-- testMethodFive -->
        <test-method is-config="true" signature="cleanUp()[pri:0, instance:com.qa.testcases.HimazTestPage@1ca3b418]" started-at="2024-11-30T20:07:28 IST" name="cleanUp" finished-at="2024-11-30T20:07:28 IST" duration-ms="137" status="PASS">
          <reporter-output>
          </reporter-output>
        </test-method> <!-- cleanUp -->
        <test-method is-config="true" signature="setUp(java.lang.String)[pri:0, instance:com.qa.testcases.HimazTestPage@1ca3b418]" started-at="2024-11-30T20:07:28 IST" name="setUp" finished-at="2024-11-30T20:07:58 IST" duration-ms="30246" status="PASS">
          <params>
            <param index="0">
              <value>
                <![CDATA[chrome]]>
              </value>
            </param>
          </params>
          <reporter-output>
          </reporter-output>
        </test-method> <!-- setUp -->
        <test-method signature="testMethodFour()[pri:0, instance:com.qa.testcases.HimazTestPage@1ca3b418]" started-at="2024-11-30T20:07:58 IST" name="testMethodFour" finished-at="2024-11-30T20:07:58 IST" duration-ms="2" status="PASS">
          <reporter-output>
          </reporter-output>
        </test-method> <!-- testMethodFour -->
        <test-method is-config="true" signature="cleanUp()[pri:0, instance:com.qa.testcases.HimazTestPage@1ca3b418]" started-at="2024-11-30T20:07:58 IST" name="cleanUp" finished-at="2024-11-30T20:07:58 IST" duration-ms="180" status="PASS">
          <reporter-output>
          </reporter-output>
        </test-method> <!-- cleanUp -->
        <test-method is-config="true" signature="setUp(java.lang.String)[pri:0, instance:com.qa.testcases.HimazTestPage@1ca3b418]" started-at="2024-11-30T20:07:58 IST" name="setUp" finished-at="2024-11-30T20:08:24 IST" duration-ms="25671" status="PASS">
          <params>
            <param index="0">
              <value>
                <![CDATA[chrome]]>
              </value>
            </param>
          </params>
          <reporter-output>
          </reporter-output>
        </test-method> <!-- setUp -->
        <test-method signature="testMethodNine()[pri:0, instance:com.qa.testcases.HimazTestPage@1ca3b418]" started-at="2024-11-30T20:08:24 IST" name="testMethodNine" finished-at="2024-11-30T20:08:24 IST" duration-ms="1" status="PASS">
          <reporter-output>
          </reporter-output>
        </test-method> <!-- testMethodNine -->
        <test-method is-config="true" signature="cleanUp()[pri:0, instance:com.qa.testcases.HimazTestPage@1ca3b418]" started-at="2024-11-30T20:08:24 IST" name="cleanUp" finished-at="2024-11-30T20:08:24 IST" duration-ms="118" status="PASS">
          <reporter-output>
          </reporter-output>
        </test-method> <!-- cleanUp -->
        <test-method is-config="true" signature="setUp(java.lang.String)[pri:0, instance:com.qa.testcases.HimazTestPage@1ca3b418]" started-at="2024-11-30T20:08:24 IST" name="setUp" finished-at="2024-11-30T20:08:47 IST" duration-ms="23140" status="PASS">
          <params>
            <param index="0">
              <value>
                <![CDATA[chrome]]>
              </value>
            </param>
          </params>
          <reporter-output>
          </reporter-output>
        </test-method> <!-- setUp -->
        <test-method signature="testMethodOne()[pri:0, instance:com.qa.testcases.HimazTestPage@1ca3b418]" started-at="2024-11-30T20:08:47 IST" name="testMethodOne" finished-at="2024-11-30T20:08:47 IST" duration-ms="0" status="PASS">
          <reporter-output>
          </reporter-output>
        </test-method> <!-- testMethodOne -->
        <test-method is-config="true" signature="cleanUp()[pri:0, instance:com.qa.testcases.HimazTestPage@1ca3b418]" started-at="2024-11-30T20:08:47 IST" name="cleanUp" finished-at="2024-11-30T20:08:47 IST" duration-ms="188" status="PASS">
          <reporter-output>
          </reporter-output>
        </test-method> <!-- cleanUp -->
        <test-method is-config="true" signature="setUp(java.lang.String)[pri:0, instance:com.qa.testcases.HimazTestPage@1ca3b418]" started-at="2024-11-30T20:08:47 IST" name="setUp" finished-at="2024-11-30T20:09:05 IST" duration-ms="17731" status="PASS">
          <params>
            <param index="0">
              <value>
                <![CDATA[chrome]]>
              </value>
            </param>
          </params>
          <reporter-output>
          </reporter-output>
        </test-method> <!-- setUp -->
        <test-method signature="testMethodSeven()[pri:0, instance:com.qa.testcases.HimazTestPage@1ca3b418]" started-at="2024-11-30T20:09:05 IST" name="testMethodSeven" finished-at="2024-11-30T20:09:05 IST" duration-ms="2" status="PASS">
          <reporter-output>
          </reporter-output>
        </test-method> <!-- testMethodSeven -->
        <test-method is-config="true" signature="cleanUp()[pri:0, instance:com.qa.testcases.HimazTestPage@1ca3b418]" started-at="2024-11-30T20:09:05 IST" name="cleanUp" finished-at="2024-11-30T20:09:05 IST" duration-ms="187" status="PASS">
          <reporter-output>
          </reporter-output>
        </test-method> <!-- cleanUp -->
        <test-method is-config="true" signature="setUp(java.lang.String)[pri:0, instance:com.qa.testcases.HimazTestPage@1ca3b418]" started-at="2024-11-30T20:09:05 IST" name="setUp" finished-at="2024-11-30T20:09:26 IST" duration-ms="21185" status="PASS">
          <params>
            <param index="0">
              <value>
                <![CDATA[chrome]]>
              </value>
            </param>
          </params>
          <reporter-output>
          </reporter-output>
        </test-method> <!-- setUp -->
        <test-method signature="testMethodSix()[pri:0, instance:com.qa.testcases.HimazTestPage@1ca3b418]" started-at="2024-11-30T20:09:26 IST" name="testMethodSix" finished-at="2024-11-30T20:09:26 IST" duration-ms="0" status="PASS">
          <reporter-output>
          </reporter-output>
        </test-method> <!-- testMethodSix -->
        <test-method is-config="true" signature="cleanUp()[pri:0, instance:com.qa.testcases.HimazTestPage@1ca3b418]" started-at="2024-11-30T20:09:26 IST" name="cleanUp" finished-at="2024-11-30T20:09:27 IST" duration-ms="127" status="PASS">
          <reporter-output>
          </reporter-output>
        </test-method> <!-- cleanUp -->
        <test-method is-config="true" signature="setUp(java.lang.String)[pri:0, instance:com.qa.testcases.HimazTestPage@1ca3b418]" started-at="2024-11-30T20:09:27 IST" name="setUp" finished-at="2024-11-30T20:09:53 IST" duration-ms="26273" status="PASS">
          <params>
            <param index="0">
              <value>
                <![CDATA[chrome]]>
              </value>
            </param>
          </params>
          <reporter-output>
          </reporter-output>
        </test-method> <!-- setUp -->
        <test-method signature="testMethodTen()[pri:0, instance:com.qa.testcases.HimazTestPage@1ca3b418]" started-at="2024-11-30T20:09:53 IST" name="testMethodTen" finished-at="2024-11-30T20:09:53 IST" duration-ms="0" status="PASS">
          <reporter-output>
          </reporter-output>
        </test-method> <!-- testMethodTen -->
        <test-method is-config="true" signature="cleanUp()[pri:0, instance:com.qa.testcases.HimazTestPage@1ca3b418]" started-at="2024-11-30T20:09:53 IST" name="cleanUp" finished-at="2024-11-30T20:09:53 IST" duration-ms="128" status="PASS">
          <reporter-output>
          </reporter-output>
        </test-method> <!-- cleanUp -->
        <test-method is-config="true" signature="setUp(java.lang.String)[pri:0, instance:com.qa.testcases.HimazTestPage@1ca3b418]" started-at="2024-11-30T20:09:53 IST" name="setUp" finished-at="2024-11-30T20:10:11 IST" duration-ms="17687" status="PASS">
          <params>
            <param index="0">
              <value>
                <![CDATA[chrome]]>
              </value>
            </param>
          </params>
          <reporter-output>
          </reporter-output>
        </test-method> <!-- setUp -->
        <test-method signature="testMethodThree()[pri:0, instance:com.qa.testcases.HimazTestPage@1ca3b418]" started-at="2024-11-30T20:10:11 IST" name="testMethodThree" finished-at="2024-11-30T20:10:11 IST" duration-ms="2" status="PASS">
          <reporter-output>
          </reporter-output>
        </test-method> <!-- testMethodThree -->
        <test-method is-config="true" signature="cleanUp()[pri:0, instance:com.qa.testcases.HimazTestPage@1ca3b418]" started-at="2024-11-30T20:10:11 IST" name="cleanUp" finished-at="2024-11-30T20:10:11 IST" duration-ms="169" status="PASS">
          <reporter-output>
          </reporter-output>
        </test-method> <!-- cleanUp -->
        <test-method is-config="true" signature="setUp(java.lang.String)[pri:0, instance:com.qa.testcases.HimazTestPage@1ca3b418]" started-at="2024-11-30T20:10:11 IST" name="setUp" finished-at="2024-11-30T20:10:34 IST" duration-ms="23496" status="PASS">
          <params>
            <param index="0">
              <value>
                <![CDATA[chrome]]>
              </value>
            </param>
          </params>
          <reporter-output>
          </reporter-output>
        </test-method> <!-- setUp -->
        <test-method signature="testMethodTwo()[pri:0, instance:com.qa.testcases.HimazTestPage@1ca3b418]" started-at="2024-11-30T20:10:34 IST" name="testMethodTwo" finished-at="2024-11-30T20:10:34 IST" duration-ms="0" status="PASS">
          <reporter-output>
          </reporter-output>
        </test-method> <!-- testMethodTwo -->
        <test-method is-config="true" signature="cleanUp()[pri:0, instance:com.qa.testcases.HimazTestPage@1ca3b418]" started-at="2024-11-30T20:10:34 IST" name="cleanUp" finished-at="2024-11-30T20:10:34 IST" duration-ms="141" status="PASS">
          <reporter-output>
          </reporter-output>
        </test-method> <!-- cleanUp -->
        <test-method is-config="true" signature="setUp(java.lang.String)[pri:0, instance:com.qa.testcases.HimazTestPage@1ca3b418]" started-at="2024-11-30T20:10:34 IST" name="setUp" finished-at="2024-11-30T20:10:52 IST" duration-ms="17497" status="PASS">
          <params>
            <param index="0">
              <value>
                <![CDATA[chrome]]>
              </value>
            </param>
          </params>
          <reporter-output>
          </reporter-output>
        </test-method> <!-- setUp -->
        <test-method signature="verifyLogin(java.lang.String,java.lang.String)[pri:0, instance:com.qa.testcases.HimazTestPage@1ca3b418]" started-at="2024-11-30T20:10:52 IST" name="verifyLogin" data-provider="userDetails" finished-at="2024-11-30T20:10:55 IST" duration-ms="3370" status="PASS">
          <params>
            <param index="0">
              <value>
                <![CDATA[userOne]]>
              </value>
            </param>
            <param index="1">
              <value>
                <![CDATA[Test@1234]]>
              </value>
            </param>
          </params>
          <reporter-output>
          </reporter-output>
        </test-method> <!-- verifyLogin -->
        <test-method is-config="true" signature="cleanUp()[pri:0, instance:com.qa.testcases.HimazTestPage@1ca3b418]" started-at="2024-11-30T20:10:55 IST" name="cleanUp" finished-at="2024-11-30T20:10:55 IST" duration-ms="129" status="PASS">
          <reporter-output>
          </reporter-output>
        </test-method> <!-- cleanUp -->
      </class> <!-- com.qa.testcases.HimazTestPage -->
      <class name="com.qa.testcases.ChromeTest">
        <test-method is-config="true" signature="setUp(java.lang.String)[pri:0, instance:com.qa.testcases.ChromeTest@57a78e3]" started-at="2024-11-30T20:10:55 IST" name="setUp" finished-at="2024-11-30T20:11:13 IST" duration-ms="17395" status="PASS">
          <params>
            <param index="0">
              <value>
                <![CDATA[chrome]]>
              </value>
            </param>
          </params>
          <reporter-output>
          </reporter-output>
        </test-method> <!-- setUp -->
        <test-method signature="testMethodEight()[pri:0, instance:com.qa.testcases.ChromeTest@57a78e3]" started-at="2024-11-30T20:11:13 IST" name="testMethodEight" finished-at="2024-11-30T20:11:13 IST" duration-ms="0" status="PASS">
          <reporter-output>
          </reporter-output>
        </test-method> <!-- testMethodEight -->
        <test-method is-config="true" signature="cleanUp()[pri:0, instance:com.qa.testcases.ChromeTest@57a78e3]" started-at="2024-11-30T20:11:13 IST" name="cleanUp" finished-at="2024-11-30T20:11:13 IST" duration-ms="186" status="PASS">
          <reporter-output>
          </reporter-output>
        </test-method> <!-- cleanUp -->
        <test-method is-config="true" signature="setUp(java.lang.String)[pri:0, instance:com.qa.testcases.ChromeTest@57a78e3]" started-at="2024-11-30T20:11:13 IST" name="setUp" finished-at="2024-11-30T20:11:31 IST" duration-ms="17934" status="PASS">
          <params>
            <param index="0">
              <value>
                <![CDATA[chrome]]>
              </value>
            </param>
          </params>
          <reporter-output>
          </reporter-output>
        </test-method> <!-- setUp -->
        <test-method signature="testMethodFive()[pri:0, instance:com.qa.testcases.ChromeTest@57a78e3]" started-at="2024-11-30T20:11:31 IST" name="testMethodFive" finished-at="2024-11-30T20:11:31 IST" duration-ms="0" status="PASS">
          <reporter-output>
          </reporter-output>
        </test-method> <!-- testMethodFive -->
        <test-method is-config="true" signature="cleanUp()[pri:0, instance:com.qa.testcases.ChromeTest@57a78e3]" started-at="2024-11-30T20:11:31 IST" name="cleanUp" finished-at="2024-11-30T20:11:31 IST" duration-ms="139" status="PASS">
          <reporter-output>
          </reporter-output>
        </test-method> <!-- cleanUp -->
        <test-method is-config="true" signature="setUp(java.lang.String)[pri:0, instance:com.qa.testcases.ChromeTest@57a78e3]" started-at="2024-11-30T20:11:31 IST" name="setUp" finished-at="2024-11-30T20:11:49 IST" duration-ms="17953" status="PASS">
          <params>
            <param index="0">
              <value>
                <![CDATA[chrome]]>
              </value>
            </param>
          </params>
          <reporter-output>
          </reporter-output>
        </test-method> <!-- setUp -->
        <test-method signature="testMethodFour()[pri:0, instance:com.qa.testcases.ChromeTest@57a78e3]" started-at="2024-11-30T20:11:49 IST" name="testMethodFour" finished-at="2024-11-30T20:11:49 IST" duration-ms="1" status="PASS">
          <reporter-output>
          </reporter-output>
        </test-method> <!-- testMethodFour -->
        <test-method is-config="true" signature="cleanUp()[pri:0, instance:com.qa.testcases.ChromeTest@57a78e3]" started-at="2024-11-30T20:11:49 IST" name="cleanUp" finished-at="2024-11-30T20:11:49 IST" duration-ms="139" status="PASS">
          <reporter-output>
          </reporter-output>
        </test-method> <!-- cleanUp -->
        <test-method is-config="true" signature="setUp(java.lang.String)[pri:0, instance:com.qa.testcases.ChromeTest@57a78e3]" started-at="2024-11-30T20:11:49 IST" name="setUp" finished-at="2024-11-30T20:12:08 IST" duration-ms="18623" status="PASS">
          <params>
            <param index="0">
              <value>
                <![CDATA[chrome]]>
              </value>
            </param>
          </params>
          <reporter-output>
          </reporter-output>
        </test-method> <!-- setUp -->
        <test-method signature="testMethodNine()[pri:0, instance:com.qa.testcases.ChromeTest@57a78e3]" started-at="2024-11-30T20:12:08 IST" name="testMethodNine" finished-at="2024-11-30T20:12:08 IST" duration-ms="0" status="PASS">
          <reporter-output>
          </reporter-output>
        </test-method> <!-- testMethodNine -->
        <test-method is-config="true" signature="cleanUp()[pri:0, instance:com.qa.testcases.ChromeTest@57a78e3]" started-at="2024-11-30T20:12:08 IST" name="cleanUp" finished-at="2024-11-30T20:12:08 IST" duration-ms="114" status="PASS">
          <reporter-output>
          </reporter-output>
        </test-method> <!-- cleanUp -->
        <test-method is-config="true" signature="setUp(java.lang.String)[pri:0, instance:com.qa.testcases.ChromeTest@57a78e3]" started-at="2024-11-30T20:12:08 IST" name="setUp" finished-at="2024-11-30T20:12:25 IST" duration-ms="17376" status="PASS">
          <params>
            <param index="0">
              <value>
                <![CDATA[chrome]]>
              </value>
            </param>
          </params>
          <reporter-output>
          </reporter-output>
        </test-method> <!-- setUp -->
        <test-method signature="testMethodOne()[pri:0, instance:com.qa.testcases.ChromeTest@57a78e3]" started-at="2024-11-30T20:12:25 IST" name="testMethodOne" finished-at="2024-11-30T20:12:25 IST" duration-ms="1" status="PASS">
          <reporter-output>
          </reporter-output>
        </test-method> <!-- testMethodOne -->
        <test-method is-config="true" signature="cleanUp()[pri:0, instance:com.qa.testcases.ChromeTest@57a78e3]" started-at="2024-11-30T20:12:25 IST" name="cleanUp" finished-at="2024-11-30T20:12:26 IST" duration-ms="174" status="PASS">
          <reporter-output>
          </reporter-output>
        </test-method> <!-- cleanUp -->
        <test-method is-config="true" signature="setUp(java.lang.String)[pri:0, instance:com.qa.testcases.ChromeTest@57a78e3]" started-at="2024-11-30T20:12:26 IST" name="setUp" finished-at="2024-11-30T20:12:50 IST" duration-ms="24561" status="PASS">
          <params>
            <param index="0">
              <value>
                <![CDATA[chrome]]>
              </value>
            </param>
          </params>
          <reporter-output>
          </reporter-output>
        </test-method> <!-- setUp -->
        <test-method signature="testMethodSeven()[pri:0, instance:com.qa.testcases.ChromeTest@57a78e3]" started-at="2024-11-30T20:12:50 IST" name="testMethodSeven" finished-at="2024-11-30T20:12:50 IST" duration-ms="1" status="PASS">
          <reporter-output>
          </reporter-output>
        </test-method> <!-- testMethodSeven -->
        <test-method is-config="true" signature="cleanUp()[pri:0, instance:com.qa.testcases.ChromeTest@57a78e3]" started-at="2024-11-30T20:12:50 IST" name="cleanUp" finished-at="2024-11-30T20:12:50 IST" duration-ms="134" status="PASS">
          <reporter-output>
          </reporter-output>
        </test-method> <!-- cleanUp -->
        <test-method is-config="true" signature="setUp(java.lang.String)[pri:0, instance:com.qa.testcases.ChromeTest@57a78e3]" started-at="2024-11-30T20:12:50 IST" name="setUp" finished-at="2024-11-30T20:13:08 IST" duration-ms="17891" status="PASS">
          <params>
            <param index="0">
              <value>
                <![CDATA[chrome]]>
              </value>
            </param>
          </params>
          <reporter-output>
          </reporter-output>
        </test-method> <!-- setUp -->
        <test-method signature="testMethodSix()[pri:0, instance:com.qa.testcases.ChromeTest@57a78e3]" started-at="2024-11-30T20:13:08 IST" name="testMethodSix" finished-at="2024-11-30T20:13:08 IST" duration-ms="1" status="PASS">
          <reporter-output>
          </reporter-output>
        </test-method> <!-- testMethodSix -->
        <test-method is-config="true" signature="cleanUp()[pri:0, instance:com.qa.testcases.ChromeTest@57a78e3]" started-at="2024-11-30T20:13:08 IST" name="cleanUp" finished-at="2024-11-30T20:13:08 IST" duration-ms="185" status="PASS">
          <reporter-output>
          </reporter-output>
        </test-method> <!-- cleanUp -->
        <test-method is-config="true" signature="setUp(java.lang.String)[pri:0, instance:com.qa.testcases.ChromeTest@57a78e3]" started-at="2024-11-30T20:13:08 IST" name="setUp" finished-at="2024-11-30T20:13:27 IST" duration-ms="18256" status="PASS">
          <params>
            <param index="0">
              <value>
                <![CDATA[chrome]]>
              </value>
            </param>
          </params>
          <reporter-output>
          </reporter-output>
        </test-method> <!-- setUp -->
        <test-method signature="testMethodTen()[pri:0, instance:com.qa.testcases.ChromeTest@57a78e3]" started-at="2024-11-30T20:13:27 IST" name="testMethodTen" finished-at="2024-11-30T20:13:27 IST" duration-ms="1" status="PASS">
          <reporter-output>
          </reporter-output>
        </test-method> <!-- testMethodTen -->
        <test-method is-config="true" signature="cleanUp()[pri:0, instance:com.qa.testcases.ChromeTest@57a78e3]" started-at="2024-11-30T20:13:27 IST" name="cleanUp" finished-at="2024-11-30T20:13:27 IST" duration-ms="137" status="PASS">
          <reporter-output>
          </reporter-output>
        </test-method> <!-- cleanUp -->
        <test-method is-config="true" signature="setUp(java.lang.String)[pri:0, instance:com.qa.testcases.ChromeTest@57a78e3]" started-at="2024-11-30T20:13:27 IST" name="setUp" finished-at="2024-11-30T20:13:42 IST" duration-ms="15638" status="PASS">
          <params>
            <param index="0">
              <value>
                <![CDATA[chrome]]>
              </value>
            </param>
          </params>
          <reporter-output>
          </reporter-output>
        </test-method> <!-- setUp -->
        <test-method signature="testMethodThree()[pri:0, instance:com.qa.testcases.ChromeTest@57a78e3]" started-at="2024-11-30T20:13:42 IST" name="testMethodThree" finished-at="2024-11-30T20:13:42 IST" duration-ms="0" status="PASS">
          <reporter-output>
          </reporter-output>
        </test-method> <!-- testMethodThree -->
        <test-method is-config="true" signature="cleanUp()[pri:0, instance:com.qa.testcases.ChromeTest@57a78e3]" started-at="2024-11-30T20:13:42 IST" name="cleanUp" finished-at="2024-11-30T20:13:42 IST" duration-ms="160" status="PASS">
          <reporter-output>
          </reporter-output>
        </test-method> <!-- cleanUp -->
        <test-method is-config="true" signature="setUp(java.lang.String)[pri:0, instance:com.qa.testcases.ChromeTest@57a78e3]" started-at="2024-11-30T20:13:42 IST" name="setUp" finished-at="2024-11-30T20:14:07 IST" duration-ms="24517" status="PASS">
          <params>
            <param index="0">
              <value>
                <![CDATA[chrome]]>
              </value>
            </param>
          </params>
          <reporter-output>
          </reporter-output>
        </test-method> <!-- setUp -->
        <test-method signature="testMethodTwo()[pri:0, instance:com.qa.testcases.ChromeTest@57a78e3]" started-at="2024-11-30T20:14:07 IST" name="testMethodTwo" finished-at="2024-11-30T20:14:07 IST" duration-ms="1" status="PASS">
          <reporter-output>
          </reporter-output>
        </test-method> <!-- testMethodTwo -->
        <test-method is-config="true" signature="cleanUp()[pri:0, instance:com.qa.testcases.ChromeTest@57a78e3]" started-at="2024-11-30T20:14:07 IST" name="cleanUp" finished-at="2024-11-30T20:14:07 IST" duration-ms="176" status="PASS">
          <reporter-output>
          </reporter-output>
        </test-method> <!-- cleanUp -->
        <test-method is-config="true" signature="setUp(java.lang.String)[pri:0, instance:com.qa.testcases.ChromeTest@57a78e3]" started-at="2024-11-30T20:14:07 IST" name="setUp" finished-at="2024-11-30T20:14:29 IST" duration-ms="22256" status="PASS">
          <params>
            <param index="0">
              <value>
                <![CDATA[chrome]]>
              </value>
            </param>
          </params>
          <reporter-output>
          </reporter-output>
        </test-method> <!-- setUp -->
        <test-method signature="verifyLogin(java.lang.String,java.lang.String)[pri:0, instance:com.qa.testcases.ChromeTest@57a78e3]" started-at="2024-11-30T20:14:29 IST" name="verifyLogin" data-provider="userDetails" finished-at="2024-11-30T20:14:33 IST" duration-ms="3403" status="PASS">
          <params>
            <param index="0">
              <value>
                <![CDATA[userOne]]>
              </value>
            </param>
            <param index="1">
              <value>
                <![CDATA[Test@1234]]>
              </value>
            </param>
          </params>
          <reporter-output>
          </reporter-output>
        </test-method> <!-- verifyLogin -->
        <test-method is-config="true" signature="cleanUp()[pri:0, instance:com.qa.testcases.ChromeTest@57a78e3]" started-at="2024-11-30T20:14:33 IST" name="cleanUp" finished-at="2024-11-30T20:14:33 IST" duration-ms="184" status="PASS">
          <reporter-output>
          </reporter-output>
        </test-method> <!-- cleanUp -->
      </class> <!-- com.qa.testcases.ChromeTest -->
    </test> <!-- Chrome Tests -->
  </suite> <!-- Automation Suite -->
</testng-results>
